0 info it worked if it ends with ok
1 verbose cli [ '/usr/local/bin/node', '/usr/local/bin/npm', 'run', 'build' ]
2 info using npm@3.8.6
3 info using node@v6.0.0
4 verbose run-script [ 'prebuild', 'build', 'postbuild' ]
5 info lifecycle react-static-issue@1.0.0~prebuild: react-static-issue@1.0.0
6 silly lifecycle react-static-issue@1.0.0~prebuild: no script for prebuild, continuing
7 info lifecycle react-static-issue@1.0.0~build: react-static-issue@1.0.0
8 verbose lifecycle react-static-issue@1.0.0~build: unsafe-perm in lifecycle true
9 verbose lifecycle react-static-issue@1.0.0~build: PATH: /usr/local/lib/node_modules/npm/bin/node-gyp-bin:/Users/sid/dev/static-react-issue/node_modules/.bin:/usr/local/bin:/usr/local/bin:/usr/local/sbin:/Users/sid/.node/bin/:/usr/local/rvm/gems/ruby-2.1.2/bin:/usr/local/rvm/gems/ruby-2.1.2@global/bin:/usr/local/rvm/rubies/ruby-2.1.2/bin:/usr/bin:/bin:/usr/sbin:/sbin:/opt/X11/bin:/usr/local/MacGPG2/bin:/usr/local/rvm/bin
10 verbose lifecycle react-static-issue@1.0.0~build: CWD: /Users/sid/dev/static-react-issue
11 silly lifecycle react-static-issue@1.0.0~build: Args: [ '-c', 'npm run clean:dist && webpack --env.prod -p' ]
12 silly lifecycle react-static-issue@1.0.0~build: Returned: code: 2  signal: null
13 info lifecycle react-static-issue@1.0.0~build: Failed to exec build script
14 verbose stack Error: react-static-issue@1.0.0 build: `npm run clean:dist && webpack --env.prod -p`
14 verbose stack Exit status 2
14 verbose stack     at EventEmitter.<anonymous> (/usr/local/lib/node_modules/npm/lib/utils/lifecycle.js:239:16)
14 verbose stack     at emitTwo (events.js:106:13)
14 verbose stack     at EventEmitter.emit (events.js:191:7)
14 verbose stack     at ChildProcess.<anonymous> (/usr/local/lib/node_modules/npm/lib/utils/spawn.js:24:14)
14 verbose stack     at emitTwo (events.js:106:13)
14 verbose stack     at ChildProcess.emit (events.js:191:7)
14 verbose stack     at maybeClose (internal/child_process.js:850:16)
14 verbose stack     at Process.ChildProcess._handle.onexit (internal/child_process.js:215:5)
15 verbose pkgid react-static-issue@1.0.0
16 verbose cwd /Users/sid/dev/static-react-issue
17 error Darwin 14.5.0
18 error argv "/usr/local/bin/node" "/usr/local/bin/npm" "run" "build"
19 error node v6.0.0
20 error npm  v3.8.6
21 error code ELIFECYCLE
22 error react-static-issue@1.0.0 build: `npm run clean:dist && webpack --env.prod -p`
22 error Exit status 2
23 error Failed at the react-static-issue@1.0.0 build script 'npm run clean:dist && webpack --env.prod -p'.
23 error Make sure you have the latest version of node.js and npm installed.
23 error If you do, this is most likely a problem with the react-static-issue package,
23 error not with npm itself.
23 error Tell the author that this fails on your system:
23 error     npm run clean:dist && webpack --env.prod -p
23 error You can get information on how to open an issue for this project with:
23 error     npm bugs react-static-issue
23 error Or if that isn't available, you can get their info via:
23 error     npm owner ls react-static-issue
23 error There is likely additional logging output above.
24 verbose exit [ 1, true ]
